TN:
SF:/Users/mnavarro/Desktop/Proyectos/Personales/tutoriales/node/the-complete-nodejs-developer-course-2/node-todo-api/playground/hashing.js
FNF:0
FNH:0
DA:1,0
DA:5,0
DA:6,0
DA:8,0
DA:10,0
DA:14,0
DA:19,0
DA:21,0
DA:22,0
DA:24,0
LF:10
LH:0
BRDA:21,0,0,0
BRDA:21,0,1,0
BRF:2
BRH:0
end_of_record
TN:
SF:/Users/mnavarro/Desktop/Proyectos/Personales/tutoriales/node/the-complete-nodejs-developer-course-2/node-todo-api/playground/mongodb-delete.js
FN:7,(anonymous_0)
FN:36,(anonymous_1)
FN:37,(anonymous_2)
FNF:3
FNH:0
FNDA:0,(anonymous_0)
FNDA:0,(anonymous_1)
FNDA:0,(anonymous_2)
DA:3,0
DA:7,0
DA:9,0
DA:10,0
DA:13,0
DA:14,0
DA:35,0
DA:36,0
DA:37,0
LF:9
LH:0
BRDA:9,0,0,0
BRDA:9,0,1,0
BRF:2
BRH:0
end_of_record
TN:
SF:/Users/mnavarro/Desktop/Proyectos/Personales/tutoriales/node/the-complete-nodejs-developer-course-2/node-todo-api/playground/mongodb-find.js
FN:7,(anonymous_0)
FN:31,(anonymous_1)
FN:32,(anonymous_2)
FN:37,(anonymous_3)
FN:38,(anonymous_4)
FNF:5
FNH:0
FNDA:0,(anonymous_0)
FNDA:0,(anonymous_1)
FNDA:0,(anonymous_2)
FNDA:0,(anonymous_3)
FNDA:0,(anonymous_4)
DA:3,0
DA:7,0
DA:9,0
DA:10,0
DA:13,0
DA:14,0
DA:30,0
DA:31,0
DA:32,0
DA:36,0
DA:37,0
DA:38,0
LF:12
LH:0
BRDA:9,0,0,0
BRDA:9,0,1,0
BRF:2
BRH:0
end_of_record
TN:
SF:/Users/mnavarro/Desktop/Proyectos/Personales/tutoriales/node/the-complete-nodejs-developer-course-2/node-todo-api/playground/mongodb-insert.js
FN:7,(anonymous_0)
FNF:1
FNH:0
FNDA:0,(anonymous_0)
DA:3,0
DA:7,0
DA:9,0
DA:10,0
DA:13,0
DA:14,0
LF:6
LH:0
BRDA:9,0,0,0
BRDA:9,0,1,0
BRF:2
BRH:0
end_of_record
TN:
SF:/Users/mnavarro/Desktop/Proyectos/Personales/tutoriales/node/the-complete-nodejs-developer-course-2/node-todo-api/playground/mongodb-update.js
FN:8,(anonymous_0)
FN:18,(anonymous_1)
FN:19,(anonymous_2)
FNF:3
FNH:0
FNDA:0,(anonymous_0)
FNDA:0,(anonymous_1)
FNDA:0,(anonymous_2)
DA:4,0
DA:8,0
DA:10,0
DA:11,0
DA:14,0
DA:15,0
DA:17,0
DA:18,0
DA:19,0
LF:9
LH:0
BRDA:10,0,0,0
BRDA:10,0,1,0
BRF:2
BRH:0
end_of_record
TN:
SF:/Users/mnavarro/Desktop/Proyectos/Personales/tutoriales/node/the-complete-nodejs-developer-course-2/node-todo-api/playground/mongoose-queries.js
FN:12,(anonymous_0)
FN:13,(anonymous_1)
FN:18,(anonymous_2)
FN:19,(anonymous_3)
FN:24,(anonymous_4)
FN:25,(anonymous_5)
FN:29,(anonymous_6)
FN:30,(anonymous_7)
FNF:8
FNH:0
FNDA:0,(anonymous_0)
FNDA:0,(anonymous_1)
FNDA:0,(anonymous_2)
FNDA:0,(anonymous_3)
FNDA:0,(anonymous_4)
FNDA:0,(anonymous_5)
FNDA:0,(anonymous_6)
FNDA:0,(anonymous_7)
DA:1,0
DA:2,0
DA:3,0
DA:5,0
DA:7,0
DA:11,0
DA:12,0
DA:13,0
DA:17,0
DA:18,0
DA:19,0
DA:23,0
DA:24,0
DA:25,0
DA:28,0
DA:29,0
DA:30,0
LF:17
LH:0
BRF:0
BRH:0
end_of_record
TN:
SF:/Users/mnavarro/Desktop/Proyectos/Personales/tutoriales/node/the-complete-nodejs-developer-course-2/node-todo-api/server/server.js
FN:27,(anonymous_0)
FN:34,(anonymous_1)
FN:35,(anonymous_2)
FN:39,(anonymous_3)
FN:42,(anonymous_4)
FN:47,(anonymous_5)
FN:53,(anonymous_6)
FN:63,(anonymous_7)
FN:83,(anonymous_8)
FN:92,(anonymous_9)
FN:114,(anonymous_10)
FN:138,(anonymous_11)
FN:143,(anonymous_12)
FN:158,(anonymous_13)
FN:172,(anonymous_14)
FN:173,(anonymous_15)
FN:182,(anonymous_16)
FNF:17
FNH:0
FNDA:0,(anonymous_0)
FNDA:0,(anonymous_1)
FNDA:0,(anonymous_2)
FNDA:0,(anonymous_3)
FNDA:0,(anonymous_4)
FNDA:0,(anonymous_5)
FNDA:0,(anonymous_6)
FNDA:0,(anonymous_7)
FNDA:0,(anonymous_8)
FNDA:0,(anonymous_9)
FNDA:0,(anonymous_10)
FNDA:0,(anonymous_11)
FNDA:0,(anonymous_12)
FNDA:0,(anonymous_13)
FNDA:0,(anonymous_14)
FNDA:0,(anonymous_15)
FNDA:0,(anonymous_16)
DA:1,0
DA:3,0
DA:4,0
DA:5,0
DA:7,0
DA:11,0
DA:16,0
DA:20,0
DA:23,0
DA:24,0
DA:27,0
DA:28,0
DA:29,0
DA:33,0
DA:34,0
DA:35,0
DA:39,0
DA:41,0
DA:43,0
DA:48,0
DA:53,0
DA:55,0
DA:57,0
DA:58,0
DA:63,0
DA:65,0
DA:66,0
DA:69,0
DA:70,0
DA:75,0
DA:83,0
DA:85,0
DA:87,0
DA:88,0
DA:92,0
DA:93,0
DA:95,0
DA:96,0
DA:100,0
DA:101,0
DA:106,0
DA:114,0
DA:116,0
DA:117,0
DA:119,0
DA:120,0
DA:125,0
DA:126,0
DA:128,0
DA:129,0
DA:132,0
DA:139,0
DA:141,0
DA:144,0
DA:146,0
DA:158,0
DA:160,0
DA:162,0
DA:163,0
DA:166,0
DA:171,0
DA:172,0
DA:173,0
DA:180,0
DA:182,0
DA:183,0
DA:187,0
LF:67
LH:0
BRDA:57,0,0,0
BRDA:57,0,1,0
BRDA:65,1,0,0
BRDA:65,1,1,0
BRDA:69,2,0,0
BRDA:69,2,1,0
BRDA:87,3,0,0
BRDA:87,3,1,0
BRDA:95,4,0,0
BRDA:95,4,1,0
BRDA:100,5,0,0
BRDA:100,5,1,0
BRDA:119,6,0,0
BRDA:119,6,1,0
BRDA:125,7,0,0
BRDA:125,7,1,0
BRDA:125,8,0,0
BRDA:125,8,1,0
BRDA:162,9,0,0
BRDA:162,9,1,0
BRDA:162,10,0,0
BRDA:162,10,1,0
BRDA:180,11,0,0
BRDA:180,11,1,0
BRF:24
BRH:0
end_of_record
TN:
SF:/Users/mnavarro/Desktop/Proyectos/Personales/tutoriales/node/the-complete-nodejs-developer-course-2/node-todo-api/server/config/dev.js
FNF:0
FNH:0
DA:1,0
LF:1
LH:0
BRF:0
BRH:0
end_of_record
TN:
SF:/Users/mnavarro/Desktop/Proyectos/Personales/tutoriales/node/the-complete-nodejs-developer-course-2/node-todo-api/server/config/index.js
FNF:0
FNH:0
DA:1,0
DA:3,0
DA:4,0
DA:6,0
LF:4
LH:0
BRDA:1,0,0,0
BRDA:1,0,1,0
BRDA:3,1,0,0
BRDA:3,1,1,0
BRF:4
BRH:0
end_of_record
TN:
SF:/Users/mnavarro/Desktop/Proyectos/Personales/tutoriales/node/the-complete-nodejs-developer-course-2/node-todo-api/server/config/test.js
FNF:0
FNH:0
DA:1,0
LF:1
LH:0
BRF:0
BRH:0
end_of_record
TN:
SF:/Users/mnavarro/Desktop/Proyectos/Personales/tutoriales/node/the-complete-nodejs-developer-course-2/node-todo-api/server/db/mongoose.js
FN:16,connectDB
FN:21,(anonymous_1)
FN:24,(anonymous_2)
FNF:3
FNH:0
FNDA:0,connectDB
FNDA:0,(anonymous_1)
FNDA:0,(anonymous_2)
DA:1,0
DA:3,0
DA:6,0
DA:17,0
DA:18,0
DA:22,0
DA:24,0
DA:26,0
DA:32,0
LF:9
LH:0
BRF:0
BRH:0
end_of_record
TN:
SF:/Users/mnavarro/Desktop/Proyectos/Personales/tutoriales/node/the-complete-nodejs-developer-course-2/node-todo-api/server/models/todo.js
FNF:0
FNH:0
DA:1,0
DA:4,0
DA:31,0
LF:3
LH:0
BRF:0
BRH:0
end_of_record
TN:
SF:/Users/mnavarro/Desktop/Proyectos/Personales/tutoriales/node/the-complete-nodejs-developer-course-2/node-todo-api/server/models/user.js
FNF:0
FNH:0
DA:1,0
DA:4,0
DA:6,0
DA:43,0
LF:4
LH:0
BRF:0
BRH:0
end_of_record
TN:
SF:/Users/mnavarro/Desktop/Proyectos/Personales/tutoriales/node/the-complete-nodejs-developer-course-2/node-todo-api/server/test/server/server.js
FN:20,(anonymous_0)
FN:22,(anonymous_1)
FN:25,(anonymous_2)
FN:29,(anonymous_3)
FN:31,(anonymous_4)
FN:39,(anonymous_5)
FN:42,(anonymous_6)
FN:48,(anonymous_7)
FN:53,(anonymous_8)
FN:58,(anonymous_9)
FN:64,(anonymous_10)
FN:71,(anonymous_11)
FN:75,(anonymous_12)
FN:84,(anonymous_13)
FN:86,(anonymous_14)
FN:91,(anonymous_15)
FN:101,(anonymous_16)
FN:103,(anonymous_17)
FN:106,(anonymous_18)
FN:115,(anonymous_19)
FN:122,(anonymous_20)
FN:127,(anonymous_21)
FN:132,(anonymous_22)
FN:141,(anonymous_23)
FN:146,(anonymous_24)
FN:159,(anonymous_25)
FN:162,(anonymous_26)
FN:165,(anonymous_27)
FN:173,(anonymous_28)
FN:176,(anonymous_29)
FN:182,(anonymous_30)
FN:187,(anonymous_31)
FN:190,(anonymous_32)
FN:197,(anonymous_33)
FN:202,(anonymous_34)
FN:205,(anonymous_35)
FN:216,(anonymous_36)
FN:220,(anonymous_37)
FN:223,(anonymous_38)
FN:238,(anonymous_39)
FN:240,(anonymous_40)
FN:243,(anonymous_41)
FN:255,(anonymous_42)
FN:258,(anonymous_43)
FN:264,(anonymous_44)
FN:268,(anonymous_45)
FN:280,(anonymous_46)
FNF:47
FNH:0
FNDA:0,(anonymous_0)
FNDA:0,(anonymous_1)
FNDA:0,(anonymous_2)
FNDA:0,(anonymous_3)
FNDA:0,(anonymous_4)
FNDA:0,(anonymous_5)
FNDA:0,(anonymous_6)
FNDA:0,(anonymous_7)
FNDA:0,(anonymous_8)
FNDA:0,(anonymous_9)
FNDA:0,(anonymous_10)
FNDA:0,(anonymous_11)
FNDA:0,(anonymous_12)
FNDA:0,(anonymous_13)
FNDA:0,(anonymous_14)
FNDA:0,(anonymous_15)
FNDA:0,(anonymous_16)
FNDA:0,(anonymous_17)
FNDA:0,(anonymous_18)
FNDA:0,(anonymous_19)
FNDA:0,(anonymous_20)
FNDA:0,(anonymous_21)
FNDA:0,(anonymous_22)
FNDA:0,(anonymous_23)
FNDA:0,(anonymous_24)
FNDA:0,(anonymous_25)
FNDA:0,(anonymous_26)
FNDA:0,(anonymous_27)
FNDA:0,(anonymous_28)
FNDA:0,(anonymous_29)
FNDA:0,(anonymous_30)
FNDA:0,(anonymous_31)
FNDA:0,(anonymous_32)
FNDA:0,(anonymous_33)
FNDA:0,(anonymous_34)
FNDA:0,(anonymous_35)
FNDA:0,(anonymous_36)
FNDA:0,(anonymous_37)
FNDA:0,(anonymous_38)
FNDA:0,(anonymous_39)
FNDA:0,(anonymous_40)
FNDA:0,(anonymous_41)
FNDA:0,(anonymous_42)
FNDA:0,(anonymous_43)
FNDA:0,(anonymous_44)
FNDA:0,(anonymous_45)
FNDA:0,(anonymous_46)
DA:1,0
DA:2,0
DA:8,0
DA:9,0
DA:10,0
DA:12,0
DA:18,0
DA:20,0
DA:21,0
DA:23,0
DA:25,0
DA:29,0
DA:31,0
DA:32,0
DA:35,0
DA:40,0
DA:43,0
DA:44,0
DA:47,0
DA:49,0
DA:50,0
DA:51,0
DA:53,0
DA:58,0
DA:60,0
DA:66,0
DA:67,0
DA:70,0
DA:72,0
DA:73,0
DA:75,0
DA:84,0
DA:86,0
DA:88,0
DA:92,0
DA:101,0
DA:103,0
DA:105,0
DA:108,0
DA:109,0
DA:112,0
DA:116,0
DA:122,0
DA:127,0
DA:129,0
DA:133,0
DA:141,0
DA:143,0
DA:147,0
DA:159,0
DA:162,0
DA:164,0
DA:166,0
DA:167,0
DA:170,0
DA:174,0
DA:177,0
DA:178,0
DA:181,0
DA:183,0
DA:184,0
DA:187,0
DA:190,0
DA:197,0
DA:199,0
DA:203,0
DA:206,0
DA:207,0
DA:209,0
DA:216,0
DA:217,0
DA:221,0
DA:224,0
DA:225,0
DA:230,0
DA:238,0
DA:240,0
DA:242,0
DA:244,0
DA:245,0
DA:248,0
DA:249,0
DA:251,0
DA:256,0
DA:259,0
DA:260,0
DA:263,0
DA:265,0
DA:266,0
DA:268,0
DA:280,0
DA:281,0
LF:92
LH:0
BRDA:43,0,0,0
BRDA:43,0,1,0
BRDA:66,1,0,0
BRDA:66,1,1,0
BRDA:108,2,0,0
BRDA:108,2,1,0
BRDA:166,3,0,0
BRDA:166,3,1,0
BRDA:177,4,0,0
BRDA:177,4,1,0
BRDA:206,5,0,0
BRDA:206,5,1,0
BRDA:224,6,0,0
BRDA:224,6,1,0
BRDA:244,7,0,0
BRDA:244,7,1,0
BRDA:259,8,0,0
BRDA:259,8,1,0
BRF:18
BRH:0
end_of_record
